Magma V2.28-3     Wed Oct  8 2025 15:22:50 on euler    [Seed = 2484774005]
Type ? for help.  Type <Ctrl>-D to quit.

Loading startup file "9J0-9b.m"

Comparing the two j-maps gives the expression 
which factors as:
[
    <t^9 - 9*t^8 + 216*t^6*s^3 + 648*t^6*s^2 + 648*t^6*s + 144*t^6 - 54*t^5 - 
        648*t^4*s^3 - 1944*t^4*s^2 - 1944*t^4*s - 810*t^4 - 216*t^3 + 
        648*t^2*s^3 + 1944*t^2*s^2 + 1944*t^2*s + 648*t^2 - 243*t - 216*s^3 - 
        648*s^2 - 648*s + 27, 1>,
    <t^9*s^3 - 9*t^8*s^3 + 144*t^6*s^3 + 1944*t^6*s^2 + 5832*t^6*s + 5832*t^6 - 
        54*t^5*s^3 - 810*t^4*s^3 - 5832*t^4*s^2 - 17496*t^4*s - 17496*t^4 - 
        216*t^3*s^3 + 648*t^2*s^3 + 5832*t^2*s^2 + 17496*t^2*s + 17496*t^2 - 
        243*t*s^3 + 27*s^3 - 1944*s^2 - 5832*s - 5832, 1>,
    <t^18*s^6 + 9*t^18*s^5 + 36*t^18*s^4 + 81*t^18*s^3 + 108*t^18*s^2 + 
        81*t^18*s + 27*t^18 - 18*t^17*s^6 - 162*t^17*s^5 - 648*t^17*s^4 - 
        1458*t^17*s^3 - 1944*t^17*s^2 - 1458*t^17*s - 486*t^17 + 81*t^16*s^6 + 
        729*t^16*s^5 + 2916*t^16*s^4 + 6561*t^16*s^3 + 8748*t^16*s^2 + 
        6561*t^16*s + 2187*t^16 + 288*t^15*s^6 + 648*t^15*s^5 - 12960*t^15*s^4 -
        46656*t^15*s^3 - 38880*t^15*s^2 + 5832*t^15*s + 7776*t^15 - 
        2700*t^14*s^6 - 6804*t^14*s^5 + 112752*t^14*s^4 + 411156*t^14*s^3 + 
        338256*t^14*s^2 - 61236*t^14*s - 72900*t^14 - 648*t^13*s^6 + 
        46656*t^13*s^4 + 157464*t^13*s^3 + 139968*t^13*s^2 - 17496*t^13 + 
        34884*t^12*s^6 - 18468*t^12*s^5 + 1045872*t^12*s^4 + 2195748*t^12*s^3 + 
        3137616*t^12*s^2 - 166212*t^12*s + 941868*t^12 - 10368*t^11*s^6 + 
        5832*t^11*s^5 + 816480*t^11*s^4 + 2729376*t^11*s^3 + 2449440*t^11*s^2 + 
        52488*t^11*s - 279936*t^11 - 242514*t^10*s^6 + 284310*t^10*s^5 - 
        1802088*t^10*s^4 + 1141614*t^10*s^3 - 5406264*t^10*s^2 + 2558790*t^10*s 
        - 6547878*t^10 + 29700*t^9*s^6 + 374220*t^9*s^5 + 2352240*t^9*s^4 + 
        6254820*t^9*s^3 + 7056720*t^9*s^2 + 3367980*t^9*s + 801900*t^9 + 
        865566*t^8*s^6 + 949158*t^8*s^5 + 5756184*t^8*s^4 - 6101730*t^8*s^3 + 
        17268552*t^8*s^2 + 8542422*t^8*s + 23370282*t^8 + 209952*t^7*s^6 + 
        1417176*t^7*s^5 + 1889568*t^7*s^4 + 5668704*t^7*s^2 + 12754584*t^7*s + 
        5668704*t^7 - 969084*t^6*s^6 + 8748*t^6*s^5 - 5703696*t^6*s^4 + 
        9054180*t^6*s^3 - 17111088*t^6*s^2 + 78732*t^6*s - 26165268*t^6 + 
        110808*t^5*s^6 + 734832*t^5*s^5 + 839808*t^5*s^4 - 472392*t^5*s^3 + 
        2519424*t^5*s^2 + 6613488*t^5*s + 2991816*t^5 + 481140*t^4*s^6 - 
        866052*t^4*s^5 + 11652336*t^4*s^4 + 21966228*t^4*s^3 + 34957008*t^4*s^2 
        - 7794468*t^4*s + 12990780*t^4 - 326592*t^3*s^6 - 1942056*t^3*s^5 + 
        209952*t^3*s^4 + 9447840*t^3*s^3 + 629856*t^3*s^2 - 17478504*t^3*s - 
        8817984*t^3 + 94041*t^2*s^6 + 1948617*t^2*s^5 - 6062364*t^2*s^4 - 
        20726199*t^2*s^3 - 18187092*t^2*s^2 + 17537553*t^2*s + 2539107*t^2 - 
        13122*t*s^6 - 590490*t*s^5 - 6141096*t*s^4 - 18068994*t*s^3 - 
        18423288*t*s^2 - 5314410*t*s - 354294*t + 729*s^6 + 59049*s^5 + 
        4435236*s^4 + 13286025*s^3 + 13305708*s^2 + 531441*s + 19683, 1>
]
Factorisation has 3 factors.

 ================== Analyzing the first factor ================== 
Genus is 1
0 0
0
{@ (-6 : 1 : 0), (0 : 1 : 0) @}
{@ (-6 : 1 : 0), (0 : 1 : 0) @}
{@ (-6 : 1 : 0), (0 : 1 : 0) @}
We only get points at infinity so we are done with the first factor.

 ================== Analyzing the second factor ================== 
1
Elliptic Curve defined by y^2 + 1458*x*y + 306110016*y = x^3 + 413343*x^2 + 
74384733888*x + 218641131089547264 over Rational Field
0 0
Abelian Group isomorphic to Z/3
Defined on 1 generator
Relations:
    3*T.1 = 0
0
{@ (-1 : 0 : 1), (1 : 0 : 1), (0 : 1 : 0), (1 : 0 : 0) @}
{@ (-1 : 0 : 1), (1 : 0 : 1), (0 : 1 : 0), (1 : 0 : 0) @}
{@ (-1 : 0 : 1), (1 : 0 : 1), (0 : 1 : 0), (1 : 0 : 0) @}
Except points at infinity, we get either t=0 or s=0,
but both of these correspond to j-invariant being infinite
as there is t / s in the denominator.

 ====== Analyzing the third factor which defines a highly singular plane curve 
========== 
Genus is 1
We copy defining polynomial again (as Magma is strict about coercions): t^18*s^6
+ 9*t^18*s^5 + 36*t^18*s^4 + 81*t^18*s^3 + 108*t^18*s^2 + 81*t^18*s + 27*t^18 - 
18*t^17*s^6 - 162*t^17*s^5 - 648*t^17*s^4 - 1458*t^17*s^3 - 1944*t^17*s^2 - 
1458*t^17*s - 486*t^17 + 81*t^16*s^6 + 729*t^16*s^5 + 2916*t^16*s^4 + 
6561*t^16*s^3 + 8748*t^16*s^2 + 6561*t^16*s + 2187*t^16 + 288*t^15*s^6 + 
648*t^15*s^5 - 12960*t^15*s^4 - 46656*t^15*s^3 - 38880*t^15*s^2 + 5832*t^15*s + 
7776*t^15 - 2700*t^14*s^6 - 6804*t^14*s^5 + 112752*t^14*s^4 + 411156*t^14*s^3 + 
338256*t^14*s^2 - 61236*t^14*s - 72900*t^14 - 648*t^13*s^6 + 46656*t^13*s^4 + 
157464*t^13*s^3 + 139968*t^13*s^2 - 17496*t^13 + 34884*t^12*s^6 - 18468*t^12*s^5
+ 1045872*t^12*s^4 + 2195748*t^12*s^3 + 3137616*t^12*s^2 - 166212*t^12*s + 
941868*t^12 - 10368*t^11*s^6 + 5832*t^11*s^5 + 816480*t^11*s^4 + 
2729376*t^11*s^3 + 2449440*t^11*s^2 + 52488*t^11*s - 279936*t^11 - 
242514*t^10*s^6 + 284310*t^10*s^5 - 1802088*t^10*s^4 + 1141614*t^10*s^3 - 
5406264*t^10*s^2 + 2558790*t^10*s - 6547878*t^10 + 29700*t^9*s^6 + 
374220*t^9*s^5 + 2352240*t^9*s^4 + 6254820*t^9*s^3 + 7056720*t^9*s^2 + 
3367980*t^9*s + 801900*t^9 + 865566*t^8*s^6 + 949158*t^8*s^5 + 5756184*t^8*s^4 -
6101730*t^8*s^3 + 17268552*t^8*s^2 + 8542422*t^8*s + 23370282*t^8 + 
209952*t^7*s^6 + 1417176*t^7*s^5 + 1889568*t^7*s^4 + 5668704*t^7*s^2 + 
12754584*t^7*s + 5668704*t^7 - 969084*t^6*s^6 + 8748*t^6*s^5 - 5703696*t^6*s^4 +
9054180*t^6*s^3 - 17111088*t^6*s^2 + 78732*t^6*s - 26165268*t^6 + 110808*t^5*s^6
+ 734832*t^5*s^5 + 839808*t^5*s^4 - 472392*t^5*s^3 + 2519424*t^5*s^2 + 
6613488*t^5*s + 2991816*t^5 + 481140*t^4*s^6 - 866052*t^4*s^5 + 11652336*t^4*s^4
+ 21966228*t^4*s^3 + 34957008*t^4*s^2 - 7794468*t^4*s + 12990780*t^4 - 
326592*t^3*s^6 - 1942056*t^3*s^5 + 209952*t^3*s^4 + 9447840*t^3*s^3 + 
629856*t^3*s^2 - 17478504*t^3*s - 8817984*t^3 + 94041*t^2*s^6 + 1948617*t^2*s^5 
- 6062364*t^2*s^4 - 20726199*t^2*s^3 - 18187092*t^2*s^2 + 17537553*t^2*s + 
2539107*t^2 - 13122*t*s^6 - 590490*t*s^5 - 6141096*t*s^4 - 18068994*t*s^3 - 
18423288*t*s^2 - 5314410*t*s - 354294*t + 729*s^6 + 59049*s^5 + 4435236*s^4 + 
13286025*s^3 + 13305708*s^2 + 531441*s + 19683
printing resultant's factorisation:
[
    <u^2 + 55500541/512*u + 3080310054438409/1048576, 3>,
    <t - 1, 12>,
    <t + 1, 12>,
    <t^2 + 3, 6>,
    <t^3 - 9*t^2 - 9*t + 9, 2>,
    <t^3 - 3*t^2 - 9*t + 3, 48>,
    <t^9 - 9*t^8 - 1800*t^6 - 54*t^5 + 5022*t^4 - 216*t^3 - 5184*t^2 - 243*t + 
        1971, 6>,
    <t^18 - 18*t^17 + 81*t^16 + 4176*t^15 - 37692*t^14 - 12312*t^13 - 
        559980*t^12 - 208656*t^11 + 2381886*t^10 - 184140*t^9 - 4348242*t^8 + 
        1154736*t^7 + 6764148*t^6 + 635688*t^5 - 8021916*t^4 - 2321136*t^3 + 
        5447817*t^2 + 931662*t - 1363959, 6>
]
The only rational roots of all the factors are t=-1, t=1
so we intersect our plane curve with t = -1 : 
[
    <s^2 + 3*s + 3, 3>
]
and  t = 1: 
[
    <s^2 + 3*s + 3, 3>
]
But these have no rational roots s.
We conclude that there are no affine rational points on the
starting curve defined by the third factor.
So we are done.

Total time: 4.120 seconds, Total memory usage: 32.09MB
