Magma V2.29-4     Mon Mar 23 2026 12:47:38 on mordell  [Seed = 262624872]
Type ? for help.  Type <Ctrl>-D to quit.

Loading startup file "rat9isogeny.m"


============================================================
===== Analyzing H: 9A0-9a =====
============================================================


-- Candidate Hsub #1 (index(H,Hsub)=1, |Hsub|=432)
   mod-3 image is not conjugate to 3B.1.1 or 3B.1.2; skipping.

============================================================
===== Analyzing H: 9B0-9a =====
============================================================


-- Candidate Hsub #1 (index(H,Hsub)=1, |Hsub|=324)
   mod-3 image is not conjugate to 3B.1.1 or 3B.1.2; skipping.

-- Candidate Hsub #2 (index(H,Hsub)=2, |Hsub|=162)
   mod-3 image is conjugate to 3B.1.2 (|image|=6).
   |N| = |ker(Hsub -> GL(2,F_3))| = 27
   N fixes no primitive order-9 vector.
   Hence E(Q(E[3])) cannot contain a point of order 9 for this candidate.

-- Candidate Hsub #3 (index(H,Hsub)=2, |Hsub|=162)
   mod-3 image is conjugate to 3B.1.1 (|image|=6).
   |N| = |ker(Hsub -> GL(2,F_3))| = 27
   N fixes no primitive order-9 vector.
   Hence E(Q(E[3])) cannot contain a point of order 9 for this candidate.

============================================================
===== Analyzing H: 9C0-9a =====
============================================================


-- Candidate Hsub #1 (index(H,Hsub)=1, |Hsub|=324)
   mod-3 image is not conjugate to 3B.1.1 or 3B.1.2; skipping.

-- Candidate Hsub #2 (index(H,Hsub)=2, |Hsub|=162)
   mod-3 image is conjugate to 3B.1.2 (|image|=6).
   |N| = |ker(Hsub -> GL(2,F_3))| = 27
   N fixes no primitive order-9 vector.
   Hence E(Q(E[3])) cannot contain a point of order 9 for this candidate.

-- Candidate Hsub #3 (index(H,Hsub)=2, |Hsub|=162)
   mod-3 image is conjugate to 3B.1.1 (|image|=6).
   |N| = |ker(Hsub -> GL(2,F_3))| = 27
   N fixes no primitive order-9 vector.
   Hence E(Q(E[3])) cannot contain a point of order 9 for this candidate.

============================================================
===== Analyzing H: 9D0-9a =====
============================================================


-- Candidate Hsub #1 (index(H,Hsub)=1, |Hsub|=216)
   mod-3 image is not conjugate to 3B.1.1 or 3B.1.2; skipping.

============================================================
===== Analyzing H: 9E0-9a =====
============================================================


-- Candidate Hsub #1 (index(H,Hsub)=1, |Hsub|=216)
   mod-3 image is not conjugate to 3B.1.1 or 3B.1.2; skipping.

============================================================
===== Analyzing H: 9F0-9a =====
============================================================


-- Candidate Hsub #1 (index(H,Hsub)=1, |Hsub|=144)
   mod-3 image is not conjugate to 3B.1.1 or 3B.1.2; skipping.

============================================================
===== Analyzing H: 9G0-9a =====
============================================================


-- Candidate Hsub #1 (index(H,Hsub)=1, |Hsub|=144)
   mod-3 image is not conjugate to 3B.1.1 or 3B.1.2; skipping.

============================================================
===== Analyzing H: 9H0-9a =====
============================================================


-- Candidate Hsub #1 (index(H,Hsub)=1, |Hsub|=108)
   mod-3 image is not conjugate to 3B.1.1 or 3B.1.2; skipping.

-- Candidate Hsub #2 (index(H,Hsub)=2, |Hsub|=54)
   mod-3 image is not conjugate to 3B.1.1 or 3B.1.2; skipping.

-- Candidate Hsub #3 (index(H,Hsub)=2, |Hsub|=54)
   mod-3 image is not conjugate to 3B.1.1 or 3B.1.2; skipping.

============================================================
===== Analyzing H: 9H0-9b =====
============================================================


-- Candidate Hsub #1 (index(H,Hsub)=1, |Hsub|=108)
   mod-3 image is not conjugate to 3B.1.1 or 3B.1.2; skipping.

-- Candidate Hsub #2 (index(H,Hsub)=2, |Hsub|=54)
   mod-3 image is not conjugate to 3B.1.1 or 3B.1.2; skipping.

-- Candidate Hsub #3 (index(H,Hsub)=2, |Hsub|=54)
   mod-3 image is not conjugate to 3B.1.1 or 3B.1.2; skipping.

============================================================
===== Analyzing H: 9H0-9c =====
============================================================


-- Candidate Hsub #1 (index(H,Hsub)=1, |Hsub|=108)
   mod-3 image is not conjugate to 3B.1.1 or 3B.1.2; skipping.

-- Candidate Hsub #2 (index(H,Hsub)=2, |Hsub|=54)
   mod-3 image is not conjugate to 3B.1.1 or 3B.1.2; skipping.

-- Candidate Hsub #3 (index(H,Hsub)=2, |Hsub|=54)
   mod-3 image is not conjugate to 3B.1.1 or 3B.1.2; skipping.

============================================================
===== Analyzing H: 9I0-9a =====
============================================================


-- Candidate Hsub #1 (index(H,Hsub)=1, |Hsub|=108)
   mod-3 image is not conjugate to 3B.1.1 or 3B.1.2; skipping.

-- Candidate Hsub #2 (index(H,Hsub)=2, |Hsub|=54)
   mod-3 image is conjugate to 3B.1.2 (|image|=6).
   |N| = |ker(Hsub -> GL(2,F_3))| = 9
   N fixes a primitive order-9 vector v=(0 1)
   Degree of this point over Q (inside Q(E[9])) is 6
   Hence E(Q(E[3])) can contain a point of order 9 for this candidate.
   Hsub stabilizes a cyclic subgroup of order 9, generated for example by v=(3 
1)

-- Candidate Hsub #3 (index(H,Hsub)=2, |Hsub|=54)
   mod-3 image is conjugate to 3B.1.1 (|image|=6).
   |N| = |ker(Hsub -> GL(2,F_3))| = 9
   N fixes a primitive order-9 vector v=(0 1)
   Degree of this point over Q (inside Q(E[9])) is 6
   Hence E(Q(E[3])) can contain a point of order 9 for this candidate.
   Hsub stabilizes a cyclic subgroup of order 9, generated for example by v=(3 
1)

============================================================
===== Analyzing H: 9I0-9b =====
============================================================


-- Candidate Hsub #1 (index(H,Hsub)=1, |Hsub|=108)
   mod-3 image is not conjugate to 3B.1.1 or 3B.1.2; skipping.

-- Candidate Hsub #2 (index(H,Hsub)=2, |Hsub|=54)
   mod-3 image is conjugate to 3B.1.2 (|image|=6).
   |N| = |ker(Hsub -> GL(2,F_3))| = 9
   N fixes no primitive order-9 vector.
   Hence E(Q(E[3])) cannot contain a point of order 9 for this candidate.

-- Candidate Hsub #3 (index(H,Hsub)=2, |Hsub|=54)
   mod-3 image is conjugate to 3B.1.1 (|image|=6).
   |N| = |ker(Hsub -> GL(2,F_3))| = 9
   N fixes no primitive order-9 vector.
   Hence E(Q(E[3])) cannot contain a point of order 9 for this candidate.

============================================================
===== Analyzing H: 9I0-9c =====
============================================================


-- Candidate Hsub #1 (index(H,Hsub)=1, |Hsub|=108)
   mod-3 image is not conjugate to 3B.1.1 or 3B.1.2; skipping.

-- Candidate Hsub #2 (index(H,Hsub)=2, |Hsub|=54)
   mod-3 image is conjugate to 3B.1.1 (|image|=6).
   |N| = |ker(Hsub -> GL(2,F_3))| = 9
   N fixes no primitive order-9 vector.
   Hence E(Q(E[3])) cannot contain a point of order 9 for this candidate.

-- Candidate Hsub #3 (index(H,Hsub)=2, |Hsub|=54)
   mod-3 image is conjugate to 3B.1.2 (|image|=6).
   |N| = |ker(Hsub -> GL(2,F_3))| = 9
   N fixes no primitive order-9 vector.
   Hence E(Q(E[3])) cannot contain a point of order 9 for this candidate.

============================================================
===== Analyzing H: 9J0-9a =====
============================================================


-- Candidate Hsub #1 (index(H,Hsub)=1, |Hsub|=108)
   mod-3 image is not conjugate to 3B.1.1 or 3B.1.2; skipping.

-- Candidate Hsub #2 (index(H,Hsub)=2, |Hsub|=54)
   mod-3 image is conjugate to 3B.1.2 (|image|=6).
   |N| = |ker(Hsub -> GL(2,F_3))| = 9
   N fixes no primitive order-9 vector.
   Hence E(Q(E[3])) cannot contain a point of order 9 for this candidate.

-- Candidate Hsub #3 (index(H,Hsub)=2, |Hsub|=54)
   mod-3 image is conjugate to 3B.1.1 (|image|=6).
   |N| = |ker(Hsub -> GL(2,F_3))| = 9
   N fixes no primitive order-9 vector.
   Hence E(Q(E[3])) cannot contain a point of order 9 for this candidate.

============================================================
===== Analyzing H: 9J0-9b =====
============================================================


-- Candidate Hsub #1 (index(H,Hsub)=1, |Hsub|=108)
   mod-3 image is not conjugate to 3B.1.1 or 3B.1.2; skipping.

-- Candidate Hsub #2 (index(H,Hsub)=2, |Hsub|=54)
   mod-3 image is conjugate to 3B.1.1 (|image|=6).
   |N| = |ker(Hsub -> GL(2,F_3))| = 9
   N fixes a primitive order-9 vector v=(0 1)
   Degree of this point over Q (inside Q(E[9])) is 6
   Hence E(Q(E[3])) can contain a point of order 9 for this candidate.
   Hsub stabilizes no cyclic subgroup of order 9.

-- Candidate Hsub #3 (index(H,Hsub)=2, |Hsub|=54)
   mod-3 image is conjugate to 3B.1.2 (|image|=6).
   |N| = |ker(Hsub -> GL(2,F_3))| = 9
   N fixes a primitive order-9 vector v=(0 1)
   Degree of this point over Q (inside Q(E[9])) is 3
   Hence E(Q(E[3])) can contain a point of order 9 for this candidate.
   Hsub stabilizes no cyclic subgroup of order 9.

============================================================
===== Analyzing H: 9J0-9c =====
============================================================


-- Candidate Hsub #1 (index(H,Hsub)=1, |Hsub|=108)
   mod-3 image is not conjugate to 3B.1.1 or 3B.1.2; skipping.

-- Candidate Hsub #2 (index(H,Hsub)=2, |Hsub|=54)
   mod-3 image is conjugate to 3B.1.2 (|image|=6).
   |N| = |ker(Hsub -> GL(2,F_3))| = 9
   N fixes no primitive order-9 vector.
   Hence E(Q(E[3])) cannot contain a point of order 9 for this candidate.

-- Candidate Hsub #3 (index(H,Hsub)=2, |Hsub|=54)
   mod-3 image is conjugate to 3B.1.1 (|image|=6).
   |N| = |ker(Hsub -> GL(2,F_3))| = 9
   N fixes no primitive order-9 vector.
   Hence E(Q(E[3])) cannot contain a point of order 9 for this candidate.

============================================================
==================== FINAL SUMMARY ==========================
============================================================
Surviving candidates:
   H label=9I0-9a, candidate #2, mod-3 type=3B.1.2, example v=(0 1), degree=6, 
rational-9-isogeny-test=true
   H label=9I0-9a, candidate #3, mod-3 type=3B.1.1, example v=(0 1), degree=6, 
rational-9-isogeny-test=true
   H label=9J0-9b, candidate #2, mod-3 type=3B.1.1, example v=(0 1), degree=6, 
rational-9-isogeny-test=false
   H label=9J0-9b, candidate #3, mod-3 type=3B.1.2, example v=(0 1), degree=3, 
rational-9-isogeny-test=false

Total time: 0.100 seconds, Total memory usage: 32.09MB
