Magma V2.29-4     Sat Feb 14 2026 08:43:32 on euler    [Seed = 1353263007]
Type ? for help.  Type <Ctrl>-D to quit.

Loading startup file "subgroup_search.m"


============================================================
===== Analyzing Group H: 9B0-9a =====
============================================================

--> For H=9B0-9a, found a subgroup Hsub (H=<Hsub, -I>) and a vector of order 9 
whose stabilizer in Hsub has index 6.
    Hsub is generated by: [
[1 1]
[0 1],

[1 0]
[0 2],

[4 0]
[0 7],

[1 3]
[0 1],

[1 0]
[0 4]
]
    The vector is v = (0 1)
    The stabilizer Stab_Hsub(v) is generated by: [
[1 1]
[0 1],

[1 3]
[0 1],

[4 0]
[0 1]
]


============================================================
===== Analyzing Group H: 9J0-9b =====
============================================================

--> For H=9J0-9b, found a subgroup Hsub (H=<Hsub, -I>) and a vector of order 9 
whose stabilizer in Hsub has index 6.
    Hsub is generated by: [
[4 0]
[0 1],

[1 3]
[0 1],

[7 4]
[6 1],

[7 8]
[0 8]
]
    The vector is v = (0 1)
    The stabilizer Stab_Hsub(v) is generated by: [
[4 0]
[0 1],

[1 3]
[0 1]
]


============================================================
===== Analyzing Group H: 9H0-9b =====
============================================================

--> For H=9H0-9b, found a subgroup Hsub (H=<Hsub, -I>) and a vector of order 9 
whose stabilizer in Hsub has index 6.
    Hsub is generated by: [
[4 0]
[6 7],

[4 0]
[0 1],

[1 3]
[0 1],

[7 8]
[0 8]
]
    The vector is v = (0 1)
    The stabilizer Stab_Hsub(v) is generated by: [
[4 0]
[0 1],

[1 3]
[0 1]
]


============================================================
===== Analyzing Group H: 9I0-9c =====
============================================================

--> For H=9I0-9c, found a subgroup Hsub (H=<Hsub, -I>) and a vector of order 9 
whose stabilizer in Hsub has index 6.
    Hsub is generated by: [
[7 1]
[0 4],

[1 3]
[0 1],

[1 0]
[0 7],

[7 7]
[6 8]
]
    The vector is v = (0 1)
    The stabilizer Stab_Hsub(v) is generated by: [
[1 3]
[0 1],

[7 1]
[0 1]
]


============================================================
===== Analyzing Group H: 9I0-9a =====
============================================================

--> For H=9I0-9a, found a subgroup Hsub (H=<Hsub, -I>) and a vector of order 9 
whose stabilizer in Hsub has index 6.
    Hsub is generated by: [
[8 7]
[6 7],

[7 8]
[0 4],

[7 0]
[0 1],

[1 6]
[0 1]
]
    The vector is v = (0 1)
    The stabilizer Stab_Hsub(v) is generated by: [
[7 0]
[0 1],

[1 6]
[0 1]
]


============================================================
===== Analyzing Group H: 9G0-9a =====
============================================================

No vectors matching the criteria were found for H = 9G0-9a.

============================================================
===== Analyzing Group H: 9E0-9a =====
============================================================

No vectors matching the criteria were found for H = 9E0-9a.

============================================================
===== Analyzing Group H: 9C0-9a =====
============================================================

No vectors matching the criteria were found for H = 9C0-9a.

============================================================
===== Analyzing Group H: 9A0-9a =====
============================================================

No vectors matching the criteria were found for H = 9A0-9a.

============================================================
===== Analyzing Group H: 9J0-9c =====
============================================================

No vectors matching the criteria were found for H = 9J0-9c.

============================================================
===== Analyzing Group H: 9H0-9c =====
============================================================

No vectors matching the criteria were found for H = 9H0-9c.

============================================================
===== Analyzing Group H: 9J0-9a =====
============================================================

No vectors matching the criteria were found for H = 9J0-9a.

============================================================
===== Analyzing Group H: 9H0-9a =====
============================================================

No vectors matching the criteria were found for H = 9H0-9a.

============================================================
===== Analyzing Group H: 9I0-9b =====
============================================================

--> For H=9I0-9b, found a subgroup Hsub (H=<Hsub, -I>) and a vector of order 9 
whose stabilizer in Hsub has index 6.
    Hsub is generated by: [
[7 0]
[0 7],

[7 2]
[0 4],

[1 0]
[3 8],

[1 6]
[0 1]
]
    The vector is v = (0 1)
    The stabilizer Stab_Hsub(v) is generated by: [
[4 2]
[0 1],

[1 6]
[0 1]
]


============================================================
===== Analyzing Group H: 9F0-9a =====
============================================================

No vectors matching the criteria were found for H = 9F0-9a.

============================================================
===== Analyzing Group H: 9D0-9a =====
============================================================

No vectors matching the criteria were found for H = 9D0-9a.

Total time: 0.490 seconds, Total memory usage: 32.09MB
