Magma V2.28-3     Tue Oct  7 2025 17:08:33 on euler    [Seed = 2148400232]
Type ? for help.  Type <Ctrl>-D to quit.

Loading startup file "X1hyp.m"

Comparing the two j-maps gives the following expression: 
(-256*t^33 + 6912*t^32 - 61440*t^31 + 221184*t^30 - 768000*t^29 + 3151872*t^28 -
    20480*t^27 + 26099712*t^26 + 52503552*t^25 + 136553472*t^24 + 382537728*t^23
    + 451878912*t^22 + 1114601472*t^21 + 837568512*t^20 + 606154752*t^19 + 
    262766592*t^18 - 4130735616*t^17 - 2549657088*t^16 - 7300730880*t^15 - 
    5321023488*t^14 + 6006306816*t^13 - 1330255872*t^12 + 19591041024*t^11 + 
    8707129344*t^10 - 6389259264*t^9 + 9251324928*t^8 - 28298170368*t^7 - 
    4353564672*t^6 + 9795520512*t^5 - 9795520512*t^4 + 19591041024*t^3 - 
    11019960576*t + 3673320192)*s^3 + (-768*t^33 + 20736*t^32 - 184320*t^31 + 
    663552*t^30 - 2304000*t^29 + 9455616*t^28 - 61440*t^27 + 78299136*t^26 + 
    157510656*t^25 + 409660416*t^24 + 1147613184*t^23 + 1355636736*t^22 + 
    3343804416*t^21 + 2512705536*t^20 + 1818464256*t^19 + 788299776*t^18 - 
    12392206848*t^17 - 7648971264*t^16 - 21902192640*t^15 - 15963070464*t^14 + 
    18018920448*t^13 - 3990767616*t^12 + 58773123072*t^11 + 26121388032*t^10 - 
    19167777792*t^9 + 27753974784*t^8 - 84894511104*t^7 - 13060694016*t^6 + 
    29386561536*t^5 - 29386561536*t^4 + 58773123072*t^3 - 33059881728*t + 
    11019960576)*s^2 + (1/8*t^36 - 9/2*t^35 + 243/4*t^34 - 825/2*t^33 + 
    16713/8*t^32 - 10980*t^31 + 1610658*t^30 - 28440756*t^29 + 237016125/2*t^28 
    + 1167802122*t^27 - 9887517963*t^26 - 9057112038*t^25 + 424266139089/2*t^24 
    - 12569189580*t^23 - 2188199457234*t^22 + 221409705636*t^21 + 
    50410741781367/4*t^20 - 230457016755*t^19 - 88875216956295/2*t^18 - 
    1439486254035*t^17 + 410256510600519/4*t^16 + 3681976329252*t^15 - 
    161342940580434*t^14 - 149463647820*t^13 + 352146482879841/2*t^12 - 
    10731404056230*t^11 - 132681309032331*t^10 + 18501496865226*t^9 + 
    133843439764845/2*t^8 - 15158765688372*t^7 - 20995438702302*t^6 + 
    6681138077340*t^5 + 27682298804889/8*t^4 - 2930549021145/2*t^3 - 
    659002251789/4*t^2 + 218634295959/2*t - 44725543119/8)*s - 256*t^33 + 
    6912*t^32 - 61440*t^31 + 221184*t^30 - 768000*t^29 + 3151872*t^28 - 
    20480*t^27 + 26099712*t^26 + 52503552*t^25 + 136553472*t^24 + 382537728*t^23
    + 451878912*t^22 + 1114601472*t^21 + 837568512*t^20 + 606154752*t^19 + 
    262766592*t^18 - 4130735616*t^17 - 2549657088*t^16 - 7300730880*t^15 - 
    5321023488*t^14 + 6006306816*t^13 - 1330255872*t^12 + 19591041024*t^11 + 
    8707129344*t^10 - 6389259264*t^9 + 9251324928*t^8 - 28298170368*t^7 - 
    4353564672*t^6 + 9795520512*t^5 - 9795520512*t^4 + 19591041024*t^3 - 
    11019960576*t + 3673320192

 ================== Analyzing the Modular Curve ================== 
Time: 266.920
Confirm that our computed model C is isomorphic to the known model. (true)
The Jacobian of the known model has rank 0.
So we run Chabauty0 and determine its rational points:
{@ (1 : -1 : 0), (1 : 1 : 0), (-1 : 1 : 1), (-1 : -1 : 1), (0 : 1 : 1), (0 : -1 
: 1) @}
Now we pull those points back to get (s, t) values.
{
    {@ @},
    {@ (1, 0) @},
    {@ (-1, 0) @}
}
s = 0 implies j2B = infty

Total time: 269.269 seconds, Total memory usage: 83.16MB
