Magma V2.28-3     Tue Oct  7 2025 19:02:39 on euler    [Seed = 2063035690]
Type ? for help.  Type <Ctrl>-D to quit.

Loading startup file "X9I0a.m"

Comparing the two j-maps and clearing
the denominators gives the following expression: 
(-256*t^36 + 6912*t^35 - 62208*t^34 + 76032*t^33 + 2045952*t^32 - 9455616*t^31 -
    20183040*t^30 + 196577280*t^29 - 4230144*t^28 - 1947442176*t^27 + 
    1235450880*t^26 + 9426004992*t^25 - 4364015616*t^24 - 1222760448*t^23 - 
    33928243200*t^22 - 259776129024*t^21 + 163624831488*t^20 + 
    1151306224128*t^19 + 723028778496*t^18 + 1271412205056*t^17 - 
    2236643850240*t^16 - 15662392326144*t^15 - 12018861803520*t^14 - 
    3036974155776*t^13 - 7948823030784*t^12 + 30034335679488*t^11 + 
    19499071970304*t^10 - 48390012417024*t^9 + 9929392625664*t^8 + 
    24479005759488*t^7 - 23094572193792*t^6 + 10018640701440*t^5 - 
    2538264252672*t^4 + 386787011328*t^3 - 33059881728*t^2 + 1224440064*t)*s^3 +
    (-768*t^36 + 20736*t^35 - 186624*t^34 + 228096*t^33 + 6137856*t^32 - 
    28366848*t^31 - 60549120*t^30 + 589731840*t^29 - 12690432*t^28 - 
    5842326528*t^27 + 3706352640*t^26 + 28278014976*t^25 - 13092046848*t^24 - 
    3668281344*t^23 - 101784729600*t^22 - 779328387072*t^21 + 490874494464*t^20 
    + 3453918672384*t^19 + 2169086335488*t^18 + 3814236615168*t^17 - 
    6709931550720*t^16 - 46987176978432*t^15 - 36056585410560*t^14 - 
    9110922467328*t^13 - 23846469092352*t^12 + 90103007038464*t^11 + 
    58497215910912*t^10 - 145170037251072*t^9 + 29788177876992*t^8 + 
    73437017278464*t^7 - 69283716581376*t^6 + 30055922104320*t^5 - 
    7614792758016*t^4 + 1160361033984*t^3 - 99179645184*t^2 + 3673320192*t)*s^2 
    + (-134187/2*t^36 - 681534*t^35 - 1190457*t^34 + 10952658*t^33 + 
    104996493/2*t^32 + 46760976*t^31 - 326832408*t^30 - 1228487472*t^29 - 
    1276588350*t^28 - 3101409000*t^27 + 17944483716*t^26 + 74161922328*t^25 - 
    107364838230*t^24 + 197611336368*t^23 + 76418066520*t^22 - 
    2232210608784*t^21 + 3302726168259*t^20 - 10728951278868*t^19 + 
    18702705834090*t^18 + 14889337383564*t^17 - 109072685650941*t^16 + 
    236944955785968*t^15 - 443946842499240*t^14 + 743577715477296*t^13 - 
    828084445066710*t^12 + 927219121484760*t^11 - 740323024115580*t^10 - 
    15703480194984*t^9 - 1031761171105470*t^8 - 1083115421395632*t^7 - 
    1213342772381208*t^6 - 781804088043120*t^5 - 530913591042867/2*t^4 - 
    29314794680478*t^3 - 633346406073*t^2 + 315675954*t - 14348907/2)*s - 
    256*t^36 + 6912*t^35 - 62208*t^34 + 76032*t^33 + 2045952*t^32 - 9455616*t^31
    - 20183040*t^30 + 196577280*t^29 - 4230144*t^28 - 1947442176*t^27 + 
    1235450880*t^26 + 9426004992*t^25 - 4364015616*t^24 - 1222760448*t^23 - 
    33928243200*t^22 - 259776129024*t^21 + 163624831488*t^20 + 
    1151306224128*t^19 + 723028778496*t^18 + 1271412205056*t^17 - 
    2236643850240*t^16 - 15662392326144*t^15 - 12018861803520*t^14 - 
    3036974155776*t^13 - 7948823030784*t^12 + 30034335679488*t^11 + 
    19499071970304*t^10 - 48390012417024*t^9 + 9929392625664*t^8 + 
    24479005759488*t^7 - 23094572193792*t^6 + 10018640701440*t^5 - 
    2538264252672*t^4 + 386787011328*t^3 - 33059881728*t^2 + 1224440064*t

 ================== Analyzing the Modular Curve ================== 
Hyperelliptic Curve defined by y^2 + (x^3 + x + 1)*y = -x^5 + 2*x^4 - 3*x^3 + 
    x^2 - x over Rational Field
The Jacobian of the simplified hyperelliptic model has rank 0.
So we run Chabauty0 and determine its rational points:
{@ (1 : -1 : 0), (1 : 1 : 0), (1 : 1 : 1), (1 : -1 : 1), (0 : 1 : 1), (0 : -1 : 
1) @}
Now we pull those points back to get (s, t) values:
{
    {@ @},
    {@ (-3, 0) @},
    {@ (3, 0) @},
    {@ (0, 0) @}
}
but s = 0 implies j2B = infty.

So we are done.
Total time: 1278.750 seconds, Total memory usage: 83.16MB
