Magma V2.28-3     Tue Oct  7 2025 21:33:43 on euler    [Seed = 2165095423]
Type ? for help.  Type <Ctrl>-D to quit.

Loading startup file "X9I0c.m"

(-256*t^27 + 4608*t^26 - 36864*t^25 + 179712*t^24 - 608256*t^23 + 1532160*t^22 -
    2992128*t^21 + 4642560*t^20 - 5801472*t^19 + 5868288*t^18 - 4790016*t^17 + 
    3115008*t^16 - 1569792*t^15 + 578304*t^14 - 133632*t^13 + 6912*t^12 + 
    6912*t^11 - 2304*t^10 + 256*t^9)*s^3 + (-768*t^27 + 13824*t^26 - 110592*t^25
    + 539136*t^24 - 1824768*t^23 + 4596480*t^22 - 8976384*t^21 + 13927680*t^20 -
    17404416*t^19 + 17604864*t^18 - 14370048*t^17 + 9345024*t^16 - 4709376*t^15 
    + 1734912*t^14 - 400896*t^13 + 20736*t^12 + 20736*t^11 - 6912*t^10 + 
    768*t^9)*s^2 + (t^36 - 36*t^35 + 594*t^34 - 6000*t^33 + 41859*t^32 - 
    215892*t^31 + 860466*t^30 - 2733948*t^29 + 7083369*t^28 - 15216344*t^27 + 
    27431082*t^26 - 41847624*t^25 + 54305784*t^24 - 60083100*t^23 + 
    56639466*t^22 - 45323100*t^21 + 30557196*t^20 - 17163036*t^19 + 7983204*t^18
    - 3312360*t^17 + 1823931*t^16 - 1794528*t^15 + 1913220*t^14 - 1609416*t^13 +
    969579*t^12 - 355212*t^11 + 8802*t^10 + 79072*t^9 - 48717*t^8 + 11124*t^7 + 
    2262*t^6 - 2124*t^5 + 378*t^4 + 84*t^3 - 36*t^2 + 1)*s - 256*t^27 + 
    4608*t^26 - 36864*t^25 + 179712*t^24 - 608256*t^23 + 1532160*t^22 - 
    2992128*t^21 + 4642560*t^20 - 5801472*t^19 + 5868288*t^18 - 4790016*t^17 + 
    3115008*t^16 - 1569792*t^15 + 578304*t^14 - 133632*t^13 + 6912*t^12 + 
    6912*t^11 - 2304*t^10 + 256*t^9
Genus is 2.
This curve is isomorphic to the following.
Hyperelliptic Curve defined by y^2 + (x^3 + x + 1)*y = x^5 + 2*x^4 + 2*x^3 + x^2
over Rational Field
Rank bounds for the Jacobian:  0.
We find its rational points.{@ (1 : -1 : 0), (1 : 1 : 0), (-1 : 1 : 1), (-1 : -1 : 1), (0 : 1 : 1), (0 : -1 
: 1) @}
[
    {@ @},
    {@ (1, 0) @},
    {@ @},
    {@ @},
    {@ @},
    {@ (0, 0) @}
]
Birational map is undefined for:{@ (0 : 1 : 0) @}
So we get points at infinity and points with s=0,
which is again a zero of the denominator for j_2B.
Total time: 62.159 seconds, Total memory usage: 83.16MB
